\BOOKMARK [1][-]{section.1}{\376\377\000P\000u\000r\000p\000o\000s\000e\000\040\000a\000n\000d\000\040\000C\000o\000n\000t\000e\000x\000t}{}% 1
\BOOKMARK [1][-]{section.2}{\376\377\000I\000n\000p\000u\000t\000:\000\040\000P\000h\000y\000s\000i\000c\000a\000l\000\040\000P\000a\000r\000a\000m\000e\000t\000e\000r\000s\000\040\000\050\000m\000u\000,\000\040\000t\000\051}{}% 2
\BOOKMARK [1][-]{section.3}{\376\377\000N\000e\000t\000w\000o\000r\000k\000\040\000A\000r\000c\000h\000i\000t\000e\000c\000t\000u\000r\000e}{}% 3
\BOOKMARK [2][-]{subsection.3.1}{\376\377\000L\000a\000y\000e\000r\000-\000b\000y\000-\000L\000a\000y\000e\000r\000\040\000B\000r\000e\000a\000k\000d\000o\000w\000n}{section.3}% 4
\BOOKMARK [2][-]{subsection.3.2}{\376\377\000S\000u\000m\000m\000a\000r\000y\000\040\000T\000a\000b\000l\000e}{section.3}% 5
\BOOKMARK [2][-]{subsection.3.3}{\376\377\000W\000h\000o\000\040\000D\000e\000c\000i\000d\000e\000s\000\040\000T\000h\000e\000s\000e\000\040\000N\000u\000m\000b\000e\000r\000s\000?\000\040\000H\000y\000p\000e\000r\000p\000a\000r\000a\000m\000e\000t\000e\000r\000s\000\040\000v\000s\000.\000\040\000A\000r\000c\000h\000i\000t\000e\000c\000t\000u\000r\000e}{section.3}% 6
\BOOKMARK [1][-]{section.4}{\376\377\000N\000e\000t\000w\000o\000r\000k\000\040\000D\000i\000a\000g\000r\000a\000m}{}% 7
\BOOKMARK [2][-]{subsection.4.1}{\376\377\000F\000u\000l\000l\000\040\000P\000r\000e\000d\000i\000c\000t\000i\000o\000n\000\040\000P\000i\000p\000e\000l\000i\000n\000e}{section.4}% 8
\BOOKMARK [1][-]{section.5}{\376\377\000T\000r\000a\000i\000n\000i\000n\000g\000\040\000P\000r\000o\000c\000e\000d\000u\000r\000e}{}% 9
\BOOKMARK [2][-]{subsection.5.1}{\376\377\000T\000a\000r\000g\000e\000t\000\040\000G\000e\000n\000e\000r\000a\000t\000i\000o\000n}{section.5}% 10
\BOOKMARK [2][-]{subsection.5.2}{\376\377\000L\000o\000s\000s\000\040\000F\000u\000n\000c\000t\000i\000o\000n}{section.5}% 11
\BOOKMARK [2][-]{subsection.5.3}{\376\377\000O\000p\000t\000i\000m\000i\000z\000e\000r\000\040\000a\000n\000d\000\040\000L\000e\000a\000r\000n\000i\000n\000g\000\040\000R\000a\000t\000e\000\040\000S\000c\000h\000e\000d\000u\000l\000e}{section.5}% 12
\BOOKMARK [2][-]{subsection.5.4}{\376\377\000E\000a\000r\000l\000y\000\040\000S\000t\000o\000p\000p\000i\000n\000g}{section.5}% 13
\BOOKMARK [1][-]{section.6}{\376\377\000C\000o\000n\000f\000i\000g\000u\000r\000a\000t\000i\000o\000n\000s\000\040\000U\000s\000e\000d\000\040\000i\000n\000\040\000T\000h\000i\000s\000\040\000P\000r\000o\000j\000e\000c\000t}{}% 14
\BOOKMARK [1][-]{section.7}{\376\377\000W\000h\000a\000t\000\040\000E\000a\000c\000h\000\040\000C\000o\000m\000p\000o\000n\000e\000n\000t\000\040\000D\000o\000e\000s\000\040\040\024\000\040\000I\000n\000t\000u\000i\000t\000i\000o\000n}{}% 15
\BOOKMARK [1][-]{section.8}{\376\377\000N\000u\000m\000e\000r\000i\000c\000a\000l\000\040\000W\000o\000r\000k\000e\000d\000\040\000E\000x\000a\000m\000p\000l\000e}{}% 16
\BOOKMARK [2][-]{subsection.8.1}{\376\377\000S\000t\000e\000p\000\040\0000\000\040\040\024\000\040\000R\000a\000w\000\040\000p\000h\000y\000s\000i\000c\000a\000l\000\040\000p\000a\000r\000a\000m\000e\000t\000e\000r\000s}{section.8}% 17
\BOOKMARK [2][-]{subsection.8.2}{\376\377\000S\000t\000e\000p\000\040\0001\000\040\040\024\000\040\000I\000n\000p\000u\000t\000\040\000n\000o\000r\000m\000a\000l\000i\000z\000a\000t\000i\000o\000n\000\040\000\050\000z\000-\000s\000c\000o\000r\000e\000\051}{section.8}% 18
\BOOKMARK [2][-]{subsection.8.3}{\376\377\000S\000t\000e\000p\000\040\0002\000\040\040\024\000\040\000L\000a\000y\000e\000r\000\040\0001\000:\000\040\000L\000i\000n\000e\000a\000r\000\040\000\050\0002\000\040\0003\000\051}{section.8}% 19
\BOOKMARK [2][-]{subsection.8.4}{\376\377\000S\000t\000e\000p\000\040\0003\000\040\040\024\000\040\000A\000c\000t\000i\000v\000a\000t\000i\000o\000n\000\040\0001\000:\000\040\000R\000e\000L\000U}{section.8}% 20
\BOOKMARK [2][-]{subsection.8.5}{\376\377\000S\000t\000e\000p\000\040\0004\000\040\040\024\000\040\000L\000a\000y\000e\000r\000\040\0002\000:\000\040\000L\000i\000n\000e\000a\000r\000\040\000\050\0003\000\040\0003\000\051}{section.8}% 21
\BOOKMARK [2][-]{subsection.8.6}{\376\377\000S\000t\000e\000p\000\040\0005\000\040\040\024\000\040\000A\000c\000t\000i\000v\000a\000t\000i\000o\000n\000\040\0002\000:\000\040\000R\000e\000L\000U}{section.8}% 22
\BOOKMARK [2][-]{subsection.8.7}{\376\377\000S\000t\000e\000p\000\040\0006\000\040\040\024\000\040\000L\000a\000y\000e\000r\000\040\0003\000:\000\040\000O\000u\000t\000p\000u\000t\000\040\000L\000i\000n\000e\000a\000r\000\040\000\050\0003\000\040\0002\000\051}{section.8}% 23
\BOOKMARK [2][-]{subsection.8.8}{\376\377\000C\000o\000m\000p\000l\000e\000t\000e\000\040\000F\000o\000r\000w\000a\000r\000d\000\040\000P\000a\000s\000s\000\040\000S\000u\000m\000m\000a\000r\000y}{section.8}% 24
\BOOKMARK [2][-]{subsection.8.9}{\376\377\000W\000h\000a\000t\000\040\000H\000a\000p\000p\000e\000n\000s\000\040\000N\000e\000x\000t}{section.8}% 25
\BOOKMARK [2][-]{subsection.8.10}{\376\377\000S\000c\000a\000l\000i\000n\000g\000\040\000t\000o\000\040\000t\000h\000e\000\040\000R\000e\000a\000l\000\040\000N\000e\000t\000w\000o\000r\000k}{section.8}% 26
